<?xml version="1.0" encoding="UTF-8"?>
<testng-results skipped="0" failed="0" ignored="0" total="2" passed="2">
  <reporter-output>
  </reporter-output>
  <suite name="Default suite" duration-ms="39" started-at="2021-01-22T23:25:02 PST" finished-at="2021-01-22T23:25:02 PST">
    <groups>
    </groups>
    <test name="Default test" duration-ms="39" started-at="2021-01-22T23:25:02 PST" finished-at="2021-01-22T23:25:02 PST">
      <class name="CollectionTest.ArrayListTest">
        <test-method status="PASS" signature="shouldDemonstrateArrayList()[pri:0, instance:CollectionTest.ArrayListTest@a67c67e]" name="shouldDemonstrateArrayList" duration-ms="7" started-at="2021-01-22T23:25:02 PST" finished-at="2021-01-22T23:25:02 PST">
          <reporter-output>
          </reporter-output>
        </test-method> <!-- shouldDemonstrateArrayList -->
        <test-method status="PASS" signature="shouldDemonstrateArrayList2()[pri:0, instance:CollectionTest.ArrayListTest@a67c67e]" name="shouldDemonstrateArrayList2" duration-ms="1" started-at="2021-01-22T23:25:02 PST" finished-at="2021-01-22T23:25:02 PST">
          <reporter-output>
          </reporter-output>
        </test-method> <!-- shouldDemonstrateArrayList2 -->
      </class> <!-- CollectionTest.ArrayListTest -->
    </test> <!-- Default test -->
  </suite> <!-- Default suite -->
</testng-results>
